0 info it worked if it ends with ok
1 verbose cli [ '/usr/bin/nodejs',
1 verbose cli   '/usr/bin/npm',
1 verbose cli   'install',
1 verbose cli   'less-loader',
1 verbose cli   '--save-dev' ]
2 info using npm@1.3.10
3 info using node@v0.10.25
4 verbose readDependencies using package.json deps
5 verbose cache add [ 'less-loader', null ]
6 verbose cache add name=undefined spec="less-loader" args=["less-loader",null]
7 verbose parsed url { protocol: null,
7 verbose parsed url   slashes: null,
7 verbose parsed url   auth: null,
7 verbose parsed url   host: null,
7 verbose parsed url   port: null,
7 verbose parsed url   hostname: null,
7 verbose parsed url   hash: null,
7 verbose parsed url   search: null,
7 verbose parsed url   query: null,
7 verbose parsed url   pathname: 'less-loader',
7 verbose parsed url   path: 'less-loader',
7 verbose parsed url   href: 'less-loader' }
8 silly lockFile 9224eb5b-less-loader less-loader
9 verbose lock less-loader /home/diko/.npm/9224eb5b-less-loader.lock
10 silly lockFile 9224eb5b-less-loader less-loader
11 silly lockFile 9224eb5b-less-loader less-loader
12 verbose addNamed [ 'less-loader', '' ]
13 verbose addNamed [ null, '*' ]
14 silly lockFile 579208eb-less-loader less-loader@
15 verbose lock less-loader@ /home/diko/.npm/579208eb-less-loader.lock
16 silly addNameRange { name: 'less-loader', range: '*', hasData: false }
17 verbose url raw less-loader
18 verbose url resolving [ 'https://registry.npmjs.org/', './less-loader' ]
19 verbose url resolved https://registry.npmjs.org/less-loader
20 info trying registry request attempt 1 at 15:20:05
21 http GET https://registry.npmjs.org/less-loader
22 http 200 https://registry.npmjs.org/less-loader
23 silly registry.get cb [ 200,
23 silly registry.get   { server: 'CouchDB/1.5.0 (Erlang OTP/R16B03)',
23 silly registry.get     etag: '"1XSJVAZWMK8M58DLSUPDIWC96"',
23 silly registry.get     'content-type': 'application/json',
23 silly registry.get     'cache-control': 'max-age=300',
23 silly registry.get     'content-length': '29277',
23 silly registry.get     'accept-ranges': 'bytes',
23 silly registry.get     date: 'Thu, 24 Mar 2016 07:20:10 GMT',
23 silly registry.get     via: '1.1 varnish',
23 silly registry.get     age: '0',
23 silly registry.get     connection: 'keep-alive',
23 silly registry.get     'x-served-by': 'cache-hkg6821-HKG',
23 silly registry.get     'x-cache': 'HIT',
23 silly registry.get     'x-cache-hits': '1',
23 silly registry.get     'x-timer': 'S1458804009.857696,VS0,VE838',
23 silly registry.get     vary: 'Accept' } ]
24 silly addNameRange number 2 { name: 'less-loader', range: '*', hasData: true }
25 silly addNameRange versions [ 'less-loader',
25 silly addNameRange   [ '0.1.0',
25 silly addNameRange     '0.1.1',
25 silly addNameRange     '0.1.2',
25 silly addNameRange     '0.1.3',
25 silly addNameRange     '0.2.0',
25 silly addNameRange     '0.2.1',
25 silly addNameRange     '0.2.2',
25 silly addNameRange     '0.5.0',
25 silly addNameRange     '0.5.1',
25 silly addNameRange     '0.6.0',
25 silly addNameRange     '0.6.1',
25 silly addNameRange     '0.6.2',
25 silly addNameRange     '0.7.0',
25 silly addNameRange     '0.7.1',
25 silly addNameRange     '0.7.2',
25 silly addNameRange     '0.7.3',
25 silly addNameRange     '0.7.4',
25 silly addNameRange     '0.7.5',
25 silly addNameRange     '0.7.6',
25 silly addNameRange     '0.7.7',
25 silly addNameRange     '0.7.8',
25 silly addNameRange     '2.0.0',
25 silly addNameRange     '2.1.0',
25 silly addNameRange     '2.2.0',
25 silly addNameRange     '2.2.1',
25 silly addNameRange     '2.2.2' ] ]
26 verbose addNamed [ 'less-loader', '2.2.2' ]
27 verbose addNamed [ '2.2.2', '2.2.2' ]
28 silly lockFile ebeb0488-less-loader-2-2-2 less-loader@2.2.2
29 verbose lock less-loader@2.2.2 /home/diko/.npm/ebeb0488-less-loader-2-2-2.lock
30 silly lockFile 8c47f849-ess-loader-less-loader-2-2-2-tgz https://registry.npmjs.org/less-loader/-/less-loader-2.2.2.tgz
31 verbose lock https://registry.npmjs.org/less-loader/-/less-loader-2.2.2.tgz /home/diko/.npm/8c47f849-ess-loader-less-loader-2-2-2-tgz.lock
32 verbose addRemoteTarball [ 'https://registry.npmjs.org/less-loader/-/less-loader-2.2.2.tgz',
32 verbose addRemoteTarball   '084f0e549b4bab8fa12c2580deacd27439ea8529' ]
33 silly lockFile 8c47f849-ess-loader-less-loader-2-2-2-tgz https://registry.npmjs.org/less-loader/-/less-loader-2.2.2.tgz
34 silly lockFile 8c47f849-ess-loader-less-loader-2-2-2-tgz https://registry.npmjs.org/less-loader/-/less-loader-2.2.2.tgz
35 silly lockFile ebeb0488-less-loader-2-2-2 less-loader@2.2.2
36 silly lockFile ebeb0488-less-loader-2-2-2 less-loader@2.2.2
37 silly lockFile 579208eb-less-loader less-loader@
38 silly lockFile 579208eb-less-loader less-loader@
39 error Error: EACCES, mkdir '/home/diko/tmp/npm-4950-slBVSs2C'
39 error  { [Error: EACCES, mkdir '/home/diko/tmp/npm-4950-slBVSs2C']
39 error   errno: 3,
39 error   code: 'EACCES',
39 error   path: '/home/diko/tmp/npm-4950-slBVSs2C' }
40 error Please try running this command again as root/Administrator.
41 error System Linux 3.19.0-25-generic
42 error command "/usr/bin/nodejs" "/usr/bin/npm" "install" "less-loader" "--save-dev"
43 error cwd /home/diko/Work/debnode-webpack
44 error node -v v0.10.25
45 error npm -v 1.3.10
46 error path /home/diko/tmp/npm-4950-slBVSs2C
47 error code EACCES
48 error errno 3
49 error stack Error: EACCES, mkdir '/home/diko/tmp/npm-4950-slBVSs2C'
50 verbose exit [ 3, true ]
